Determining if the pthread_create exist failed with the following output:
Change Dir: /home/pi/catkin_auto/build/CMakeFiles/CMakeTmp

Run Build Command:"/usr/bin/make" "cmTC_46e17/fast"
/usr/bin/make -f CMakeFiles/cmTC_46e17.dir/build.make CMakeFiles/cmTC_46e17.dir/build
make[1]: Entering directory '/home/pi/catkin_auto/build/CMakeFiles/CMakeTmp'
Building C object CMakeFiles/cmTC_46e17.dir/CheckSymbolExists.c.o
/usr/bin/cc     -o CMakeFiles/cmTC_46e17.dir/CheckSymbolExists.c.o   -c /home/pi/catkin_auto/build/CMakeFiles/CMakeTmp/CheckSymbolExists.c
Linking C executable cmTC_46e17
/usr/bin/cmake -E cmake_link_script CMakeFiles/cmTC_46e17.dir/link.txt --verbose=1
/usr/bin/cc       CMakeFiles/cmTC_46e17.dir/CheckSymbolExists.c.o  -o cmTC_46e17 -rdynamic 
CMakeFiles/cmTC_46e17.dir/CheckSymbolExists.c.o: In function `main':
CheckSymbolExists.c:(.text+0xe): undefined reference to `pthread_create'
CheckSymbolExists.c:(.text+0x12): undefined reference to `pthread_create'
collect2: error: ld returned 1 exit status
CMakeFiles/cmTC_46e17.dir/build.make:97: recipe for target 'cmTC_46e17' failed
make[1]: *** [cmTC_46e17] Error 1
make[1]: Leaving directory '/home/pi/catkin_auto/build/CMakeFiles/CMakeTmp'
Makefile:126: recipe for target 'cmTC_46e17/fast' failed
make: *** [cmTC_46e17/fast] Error 2

File /home/pi/catkin_auto/build/CMakeFiles/CMakeTmp/CheckSymbolExists.c:
/* */
#include <pthread.h>

int main(int argc, char** argv)
{
  (void)argv;
#ifndef pthread_create
  return ((int*)(&pthread_create))[argc];
#else
  (void)argc;
  return 0;
#endif
}

Determining if the function pthread_create exists in the pthreads failed with the following output:
Change Dir: /home/pi/catkin_auto/build/CMakeFiles/CMakeTmp

Run Build Command:"/usr/bin/make" "cmTC_d6931/fast"
/usr/bin/make -f CMakeFiles/cmTC_d6931.dir/build.make CMakeFiles/cmTC_d6931.dir/build
make[1]: Entering directory '/home/pi/catkin_auto/build/CMakeFiles/CMakeTmp'
Building C object CMakeFiles/cmTC_d6931.dir/CheckFunctionExists.c.o
/usr/bin/cc    -DCHECK_FUNCTION_EXISTS=pthread_create   -o CMakeFiles/cmTC_d6931.dir/CheckFunctionExists.c.o   -c /usr/share/cmake-3.5/Modules/CheckFunctionExists.c
Linking C executable cmTC_d6931
/usr/bin/cmake -E cmake_link_script CMakeFiles/cmTC_d6931.dir/link.txt --verbose=1
/usr/bin/cc   -DCHECK_FUNCTION_EXISTS=pthread_create    CMakeFiles/cmTC_d6931.dir/CheckFunctionExists.c.o  -o cmTC_d6931 -rdynamic -lpthreads 
/usr/bin/ld: cannot find -lpthreads
collect2: error: ld returned 1 exit status
CMakeFiles/cmTC_d6931.dir/build.make:97: recipe for target 'cmTC_d6931' failed
make[1]: *** [cmTC_d6931] Error 1
make[1]: Leaving directory '/home/pi/catkin_auto/build/CMakeFiles/CMakeTmp'
Makefile:126: recipe for target 'cmTC_d6931/fast' failed
make: *** [cmTC_d6931/fast] Error 2


